{"/home/rodrigo/Documents/Projects/south/desafio-south/node/src/Controller/AppController.js":{"path":"/home/rodrigo/Documents/Projects/south/desafio-south/node/src/Controller/AppController.js","s":{"1":1,"2":1,"3":1,"4":1,"5":3,"6":3,"7":0,"8":0,"9":1},"b":{},"f":{"1":1,"2":3,"3":0},"fnMap":{"1":{"name":"(anonymous_1)","line":6,"loc":{"start":{"line":6,"column":16},"end":{"line":6,"column":27}}},"2":{"name":"(anonymous_2)","line":13,"loc":{"start":{"line":13,"column":19},"end":{"line":13,"column":26}}},"3":{"name":"(anonymous_3)","line":21,"loc":{"start":{"line":21,"column":17},"end":{"line":21,"column":45}}}},"statementMap":{"1":{"start":{"line":2,"column":0},"end":{"line":2,"column":52}},"2":{"start":{"line":7,"column":8},"end":{"line":7,"column":47}},"3":{"start":{"line":8,"column":8},"end":{"line":8,"column":45}},"4":{"start":{"line":10,"column":8},"end":{"line":10,"column":19}},"5":{"start":{"line":14,"column":8},"end":{"line":14,"column":40}},"6":{"start":{"line":16,"column":8},"end":{"line":18,"column":10}},"7":{"start":{"line":22,"column":8},"end":{"line":22,"column":38}},"8":{"start":{"line":24,"column":8},"end":{"line":30,"column":10}},"9":{"start":{"line":34,"column":0},"end":{"line":34,"column":31}}},"branchMap":{}},"/home/rodrigo/Documents/Projects/south/desafio-south/node/src/Model/Product.js":{"path":"/home/rodrigo/Documents/Projects/south/desafio-south/node/src/Model/Product.js","s":{"1":1,"2":1,"3":1},"b":{},"f":{"1":1},"fnMap":{"1":{"name":"(anonymous_1)","line":5,"loc":{"start":{"line":5,"column":8},"end":{"line":5,"column":11}}}},"statementMap":{"1":{"start":{"line":2,"column":0},"end":{"line":2,"column":42}},"2":{"start":{"line":7,"column":8},"end":{"line":7,"column":35}},"3":{"start":{"line":10,"column":0},"end":{"line":10,"column":26}}},"branchMap":{}},"/home/rodrigo/Documents/Projects/south/desafio-south/node/src/Model/User.js":{"path":"/home/rodrigo/Documents/Projects/south/desafio-south/node/src/Model/User.js","s":{"1":1,"2":2,"3":2,"4":1},"b":{},"f":{"1":2},"fnMap":{"1":{"name":"(anonymous_1)","line":6,"loc":{"start":{"line":6,"column":8},"end":{"line":6,"column":11}}}},"statementMap":{"1":{"start":{"line":3,"column":0},"end":{"line":3,"column":42}},"2":{"start":{"line":7,"column":8},"end":{"line":7,"column":38}},"3":{"start":{"line":8,"column":8},"end":{"line":8,"column":47}},"4":{"start":{"line":12,"column":0},"end":{"line":12,"column":22}}},"branchMap":{}}}