TN:
SF:/home/rodrigo/Documents/Projects/south/desafio-south/node/src/Controller/AppController.js
FN:6,(anonymous_1)
FN:13,(anonymous_2)
FN:21,(anonymous_3)
FNF:3
FNH:2
FNDA:1,(anonymous_1)
FNDA:3,(anonymous_2)
FNDA:0,(anonymous_3)
DA:2,1
DA:7,1
DA:8,1
DA:10,1
DA:14,3
DA:16,3
DA:22,0
DA:24,0
DA:34,1
LF:9
LH:7
BRF:0
BRH:0
end_of_record
TN:
SF:/home/rodrigo/Documents/Projects/south/desafio-south/node/src/Model/Product.js
FN:5,(anonymous_1)
FNF:1
FNH:1
FNDA:1,(anonymous_1)
DA:2,1
DA:7,1
DA:10,1
LF:3
LH:3
BRF:0
BRH:0
end_of_record
TN:
SF:/home/rodrigo/Documents/Projects/south/desafio-south/node/src/Model/User.js
FN:6,(anonymous_1)
FNF:1
FNH:1
FNDA:2,(anonymous_1)
DA:3,1
DA:7,2
DA:8,2
DA:12,1
LF:4
LH:4
BRF:0
BRH:0
end_of_record
